<?xml version="1.0" encoding="UTF-8"?>
<testng-results skipped="0" failed="0" total="1" passed="1">
  <reporter-output>
  </reporter-output>
  <suite name="Default suite" duration-ms="12055" started-at="2020-11-25T04:57:52Z" finished-at="2020-11-25T04:58:04Z">
    <groups>
    </groups>
    <test name="Default test" duration-ms="12055" started-at="2020-11-25T04:57:52Z" finished-at="2020-11-25T04:58:04Z">
      <class name="test.Test99GuruLogin">
        <test-method status="PASS" signature="setup()[pri:0, instance:test.Test99GuruLogin@13b6d03]" name="setup" is-config="true" duration-ms="9999" started-at="2020-11-25T10:27:52Z" finished-at="2020-11-25T10:28:02Z">
          <reporter-output>
          </reporter-output>
        </test-method> <!-- setup -->
        <test-method status="PASS" signature="test_Home_Page_Appear_Correct()[pri:0, instance:test.Test99GuruLogin@13b6d03]" name="test_Home_Page_Appear_Correct" duration-ms="2038" started-at="2020-11-25T10:28:02Z" finished-at="2020-11-25T10:28:04Z">
          <reporter-output>
          </reporter-output>
        </test-method> <!-- test_Home_Page_Appear_Correct -->
      </class> <!-- test.Test99GuruLogin -->
    </test> <!-- Default test -->
  </suite> <!-- Default suite -->
</testng-results>
